#-----------------------------------------------------------
# Vivado v2021.1 (64-bit)
# SW Build 3247384 on Thu Jun 10 19:36:07 MDT 2021
# IP Build 3246043 on Fri Jun 11 00:30:35 MDT 2021
# Start of session at: Tue Jul 15 14:55:48 2025
# Process ID: 3054187
# Current directory: /nobackup/Vexiiriscv-AES/Vexii-AES-Vivado-Project/default-vivado
# Command line: vivado
# Log file: /nobackup/Vexiiriscv-AES/Vexii-AES-Vivado-Project/default-vivado/vivado.log
# Journal file: /nobackup/Vexiiriscv-AES/Vexii-AES-Vivado-Project/default-vivado/vivado.jou
#-----------------------------------------------------------
start_gui
open_project /nobackup/Vexiiriscv-AES/Vexii-AES-Vivado-Project/default-vivado/MicroSoc-AES.xpr
WARNING: [filemgmt 56-3] Default IP Output Path : Could not find the directory '/nobackup/Vexiiriscv-AES/Vexii-AES-Vivado-Project/default-vivado/MicroSoc-AES.gen/sources_1'.
Scanning sources...
Finished scanning sources
INFO: [IP_Flow 19-234] Refreshing IP repositories
INFO: [IP_Flow 19-1704] No user IP repositories specified
INFO: [IP_Flow 19-2313] Loaded Vivado IP repository '/home/cao/xilinx/vivado_2021_1/Vivado/2021.1/data/ip'.
INFO: [IP_Flow 19-3899] Cannot get the environment domain name variable for the component vendor name. Setting the vendor name to 'user.org'.
open_project: Time (s): cpu = 00:00:10 ; elapsed = 00:00:08 . Memory (MB): peak = 7634.512 ; gain = 65.027 ; free physical = 11121 ; free virtual = 22811
INFO: [IP_Flow 19-3899] Cannot get the environment domain name variable for the component vendor name. Setting the vendor name to 'user.org'.
INFO: [IP_Flow 19-3899] Cannot get the environment domain name variable for the component vendor name. Setting the vendor name to 'user.org'.
